EXEC sp_babelfish_configure 'enable_pg_hint', 'on'
GO

CREATE TABLE BABEL_3759_t1(
    c1_INT  INT PRIMARY KEY
    , c2_VARCHAR VARCHAR(300) NULL
    , c3_BINARY BINARY(100) NOT NULL
    , c4_DATETIME DATETIME NULL
    , c5_MONEY MONEY NOT NULL
)
GO

CREATE INDEX BABEL_3759_idx_t1_VARCHAR ON BABEL_3759_t1( c2_VARCHAR )
GO

SET babelfish_showplan_all ON
GO

SELECT c1_INT FROM BABEL_3759_t1 (INDEX(BABEL_3759_idx_t1_VARCHAR)) WHERE c2_VARCHAR = 'S'
GO
~~START~~
text
Query Text: SELECT/*+ IndexScan(BABEL_3759_t1 babel_3759_idx_t1_varcharbabel_6dae4237a7aa37530f3901c640195669) */ c1_INT FROM BABEL_3759_t1                                    WHERE c2_VARCHAR = 'S'
Bitmap Heap Scan on babel_3759_t1  (cost=4.18..12.64 rows=4 width=4)
  Recheck Cond: (c2_varchar = 'S'::"varchar" COLLATE "default")
  ->  Bitmap Index Scan on babel_3759_idx_t1_varcharbabel_6dae4237a7aa37530f3901c640195669  (cost=0.00..4.18 rows=4 width=0)
        Index Cond: (c2_varchar = 'S'::"varchar" COLLATE "default")
~~END~~


SET babelfish_showplan_all OFF
GO

DROP TABLE BABEL_3759_t1
GO

CREATE TABLE babel_3759_t1(
    c1_INT  INT PRIMARY KEY
    , c2_varchar VARCHAR(300) NULL
    , c3_BINARY BINARY(100) NOT NULL
    , c4_DATETIME DATETIME NULL
    , c5_MONEY MONEY NOT NULL
)
GO

CREATE INDEX babel_3759_idx_t1_varchar ON babel_3759_t1( c2_varchar )
GO

SET babelfish_showplan_all ON
GO

SELECT c1_INT FROM babel_3759_t1 (INDEX(babel_3759_idx_t1_varchar)) WHERE c2_varchar = 'S'
GO
~~START~~
text
Query Text: SELECT/*+ IndexScan(babel_3759_t1 babel_3759_idx_t1_varcharbabel_6dae4237a7aa37530f3901c640195669) */ c1_INT FROM babel_3759_t1                                    WHERE c2_varchar = 'S'
Index Scan using babel_3759_idx_t1_varcharbabel_6dae4237a7aa37530f3901c640195669 on babel_3759_t1  (cost=0.15..20.22 rows=4 width=4)
  Index Cond: (c2_varchar = 'S'::"varchar" COLLATE "default")
~~END~~


SET babelfish_showplan_all OFF
GO

DROP TABLE babel_3759_t1
GO
