USE babel_5144_db
GO

EXEC babel_5144_p @src = 'abcḍèĎÈdedEDEabcd', @from = 'de', @to = '##'
GO
~~START~~
varchar
running replace
~~END~~

~~START~~
nvarchar
abc##########abcd
~~END~~

~~START~~
varchar
running charindex
~~END~~

~~START~~
int
4
~~END~~

~~START~~
varchar
running patindex
~~END~~

~~START~~
bigint
4
~~END~~


SELECT babel_5144_f1('abcḍèĎÈdedEDEabcd', 'de', '##')
SELECT babel_5144_f2('abcḍèĎÈdedEDEabcd', 'de')
SELECT babel_5144_f3('abcḍèĎÈdedEDEabcd')
GO
~~START~~
nvarchar
abc##########abcd
~~END~~

~~START~~
nvarchar
4
~~END~~

~~START~~
nvarchar
4
~~END~~


INSERT INTO babel_5144_t1 VALUES ('abcḍèĎÈdedEDEabcd', 'de', '##')
INSERT INTO babel_5144_t2 VALUES ('abcḍèĎÈdedEDEabcd', 'de', '##')
-- INSERT INTO babel_5144_t3(src, substr1, substr2) VALUES ('abcḍèĎÈdedEDEabcd', 'de', '##')
GO
~~START~~
varchar
========== trigger start ==========
~~END~~

~~START~~
nvarchar#!#int#!#bigint
abc##########abcd#!#4#!#4
abc##########abcd#!#4#!#4
~~END~~

~~START~~
varchar
========== trigger end   ==========
~~END~~

~~ROW COUNT: 1~~

~~ROW COUNT: 1~~


-- validate check constraint
INSERT INTO babel_5144_t2 VALUES ('abcdabcd', 'de', 'de')
GO
~~ERROR (Code: 547)~~

~~ERROR (Message: new row for relation "babel_5144_t2" violates check constraint "babel_5144_t2_check")~~

INSERT INTO babel_5144_t2 VALUES ('ḍèĎÈdedEDEabcd', 'de', '##')
GO
~~ERROR (Code: 547)~~

~~ERROR (Message: new row for relation "babel_5144_t2" violates check constraint "babel_5144_t2_check1")~~

INSERT INTO babel_5144_t2 VALUES ('aaaaaabcd', 'ab', '##')
GO
~~ERROR (Code: 547)~~

~~ERROR (Message: new row for relation "babel_5144_t2" violates check constraint "babel_5144_t2_src_check")~~


SELECT * FROM babel_5144_t2
GO
~~START~~
nvarchar#!#nvarchar#!#nvarchar
abcḍèĎÈdedEDEabcd#!#de#!###
abcḍèĎÈdedEDEabcd#!#de#!###
~~END~~


SELECT set_config('babelfishpg_tsql.explain_verbose', 'off', false)
SELECT set_config('babelfishpg_tsql.explain_costs', 'off', false)
SELECT set_config('babelfishpg_tsql.explain_timing', 'off', false)
SELECT set_config('babelfishpg_tsql.explain_summary', 'off', false)
GO
~~START~~
text
off
~~END~~

~~START~~
text
off
~~END~~

~~START~~
text
off
~~END~~

~~START~~
text
off
~~END~~

SET BABELFISH_STATISTICS PROFILE ON;
SELECT set_config('enable_seqscan', 'off', false);
SELECT set_config('enable_bitmapscan', 'off', false);
GO
~~START~~
text
off
~~END~~

~~START~~
text
Query Text: SELECT set_config('enable_seqscan', 'off', false)
Result (actual rows=1 loops=1)
~~END~~

~~START~~
text
off
~~END~~

~~START~~
text
Query Text: SELECT set_config('enable_bitmapscan', 'off', false)
Result (actual rows=1 loops=1)
~~END~~


SELECT * FROM babel_5144_t1 WHERE [replaced] = 'abc##########abcd'
GO
~~START~~
nvarchar#!#nvarchar#!#nvarchar#!#nvarchar#!#int#!#bigint
abcḍèĎÈdedEDEabcd#!#de#!####!#abc##########abcd#!#4#!#4
abcḍèĎÈdedEDEabcd#!#de#!####!#abc##########abcd#!#4#!#4
~~END~~

~~START~~
text
Query Text: SELECT * FROM babel_5144_t1 WHERE [replaced] = 'abc##########abcd'
Index Scan using babel_5144_idx1babel_5144_t145234637e3ecc830cb4dde1fe866640f on babel_5144_t1 (actual rows=2 loops=1)
  Index Cond: ((replaced)::"varchar" = 'abc##########abcd'::"varchar")
~~END~~

SELECT * FROM babel_5144_t1 WHERE [charIndex] = 4;
GO
~~START~~
nvarchar#!#nvarchar#!#nvarchar#!#nvarchar#!#int#!#bigint
abcḍèĎÈdedEDEabcd#!#de#!####!#abc##########abcd#!#4#!#4
abcḍèĎÈdedEDEabcd#!#de#!####!#abc##########abcd#!#4#!#4
~~END~~

~~START~~
text
Query Text: SELECT * FROM babel_5144_t1 WHERE [charIndex] = 4
Index Scan using babel_5144_idx1babel_5144_t145234637e3ecc830cb4dde1fe866640f on babel_5144_t1 (actual rows=2 loops=1)
  Index Cond: (charindex = 4)
~~END~~

SELECT * FROM babel_5144_t1 WHERE [patindex] = 4;
GO
~~START~~
nvarchar#!#nvarchar#!#nvarchar#!#nvarchar#!#int#!#bigint
abcḍèĎÈdedEDEabcd#!#de#!####!#abc##########abcd#!#4#!#4
abcḍèĎÈdedEDEabcd#!#de#!####!#abc##########abcd#!#4#!#4
~~END~~

~~START~~
text
Query Text: SELECT * FROM babel_5144_t1 WHERE [patindex] = 4
Index Scan using babel_5144_idx1babel_5144_t145234637e3ecc830cb4dde1fe866640f on babel_5144_t1 (actual rows=2 loops=1)
  Index Cond: (patindex = 4)
~~END~~


SET BABELFISH_STATISTICS PROFILE OFF;
GO

SELECT * FROM babel_5144_v1
GO
~~START~~
nvarchar#!#nvarchar#!#int#!#int#!#bigint#!#bigint
abc##########abcd#!#abc##########abcd#!#4#!#4#!#4#!#4
abc##########abcd#!#abc##########abcd#!#4#!#4#!#4#!#4
abc##########abcd#!#abc##########abcd#!#4#!#4#!#4#!#4
abc##########abcd#!#abc##########abcd#!#4#!#4#!#4#!#4
~~END~~

