
EXEC babel_5144_p @src = 'abcḍèĎÈdedEDEabcd', @from = 'de', @to = '##'
GO
~~START~~
varchar
running replace
~~END~~

~~START~~
nvarchar
abcḍèĎÈ######abcd
~~END~~

~~START~~
varchar
running charindex
~~END~~

~~START~~
int
8
~~END~~

~~START~~
varchar
running patindex
~~END~~

~~START~~
bigint
8
~~END~~


SELECT babel_5144_f1('abcḍèĎÈdedEDEabcd', 'de', '##')
SELECT babel_5144_f2('abcḍèĎÈdedEDEabcd', 'de')
SELECT babel_5144_f3('abcḍèĎÈdedEDEabcd')
GO
~~START~~
nvarchar
abcḍèĎÈ######abcd
~~END~~

~~START~~
nvarchar
8
~~END~~

~~START~~
nvarchar
8
~~END~~


INSERT INTO babel_5144_t1 VALUES ('abcḍèĎÈdedEDEabcd', 'de', '##')
INSERT INTO babel_5144_t2 VALUES ('abcḍèĎÈdedEDEabcd', 'de', '##')
INSERT INTO babel_5144_t3(src, substr1, substr2) VALUES ('abcḍèĎÈdedEDEabcd', 'de', '##')
GO
~~START~~
varchar
========== trigger start ==========
~~END~~

~~START~~
nvarchar#!#int#!#bigint
abcḍèĎÈ######abcd#!#8#!#8
abcḍèĎÈ######abcd#!#8#!#8
~~END~~

~~START~~
varchar
========== trigger end   ==========
~~END~~

~~ROW COUNT: 1~~

~~ROW COUNT: 1~~

~~ROW COUNT: 1~~


-- validate check constraint
INSERT INTO babel_5144_t2 VALUES ('abcdabcd', 'de', 'de')
GO
~~ERROR (Code: 547)~~

~~ERROR (Message: new row for relation "babel_5144_t2" violates check constraint "babel_5144_t2_check")~~

INSERT INTO babel_5144_t2 VALUES ('deĎÈdedEDEabcd', 'de', '##')
GO
~~ERROR (Code: 547)~~

~~ERROR (Message: new row for relation "babel_5144_t2" violates check constraint "babel_5144_t2_check1")~~

INSERT INTO babel_5144_t2 VALUES ('aaaaaabcd', 'ab', '##')
GO
~~ERROR (Code: 547)~~

~~ERROR (Message: new row for relation "babel_5144_t2" violates check constraint "babel_5144_t2_src_check")~~


SELECT * FROM babel_5144_t2
GO
~~START~~
nvarchar#!#nvarchar#!#nvarchar
abcḍèĎÈdedEDEabcd#!#de#!###
abcḍèĎÈdedEDEabcd#!#de#!###
~~END~~


-- need to store output of charindex other wise explain analyze prints the entire function text
-- which could vary for version upgrade tests
CREATE TABLE #table_5144_result_store (id INT);
GO
INSERT INTO #table_5144_result_store VALUES (sys.charindex('de', 'abcḍèĎÈdedEDEabcd'))
GO
~~ROW COUNT: 1~~


SELECT set_config('babelfishpg_tsql.explain_verbose', 'off', false)
SELECT set_config('babelfishpg_tsql.explain_costs', 'off', false)
SELECT set_config('babelfishpg_tsql.explain_timing', 'off', false)
SELECT set_config('babelfishpg_tsql.explain_summary', 'off', false)
SELECT set_config('enable_seqscan', 'off', false);
SELECT set_config('enable_bitmapscan', 'off', false);
GO
~~START~~
text
off
~~END~~

~~START~~
text
off
~~END~~

~~START~~
text
off
~~END~~

~~START~~
text
off
~~END~~

~~START~~
text
off
~~END~~

~~START~~
text
off
~~END~~

SET BABELFISH_STATISTICS PROFILE ON;
GO

SELECT * FROM babel_5144_t1 WHERE [replaced] = sys.replace('abcḍèĎÈdedEDEabcd', 'de', '##')
GO
~~START~~
nvarchar#!#nvarchar#!#nvarchar#!#nvarchar#!#int#!#bigint
abcḍèĎÈdedEDEabcd#!#de#!####!#abcḍèĎÈ######abcd#!#8#!#8
abcḍèĎÈdedEDEabcd#!#de#!####!#abcḍèĎÈ######abcd#!#8#!#8
~~END~~

~~START~~
text
Query Text: SELECT * FROM babel_5144_t1 WHERE [replaced] = sys.replace('abc?è??dedEDEabcd', 'de', '##')
Index Scan using babel_5144_idx1babel_5144_t145234637e3ecc830cb4dde1fe866640f on babel_5144_t1 (actual rows=2 loops=1)
  Index Cond: ((replaced)::"varchar" = 'abc?è??######abcd'::"varchar")
~~END~~

SELECT * FROM babel_5144_t1 WHERE [charIndex] = (SELECT id FROM #table_5144_result_store);
GO
~~START~~
nvarchar#!#nvarchar#!#nvarchar#!#nvarchar#!#int#!#bigint
abcḍèĎÈdedEDEabcd#!#de#!####!#abcḍèĎÈ######abcd#!#8#!#8
abcḍèĎÈdedEDEabcd#!#de#!####!#abcḍèĎÈ######abcd#!#8#!#8
~~END~~

~~START~~
text
Query Text: SELECT * FROM babel_5144_t1 WHERE [charIndex] = (SELECT id FROM #table_5144_result_store)
Index Scan using babel_5144_idx1babel_5144_t145234637e3ecc830cb4dde1fe866640f on babel_5144_t1 (actual rows=2 loops=1)
  Index Cond: (charindex = $0)
  InitPlan 1 (returns $0)
    ->  Seq Scan on "#table_5144_result_store" (actual rows=1 loops=1)
~~END~~

SELECT * FROM babel_5144_t1 WHERE [patindex] = sys.patindex('%de%', 'abcḍèĎÈdedEDEabcd');
GO
~~START~~
nvarchar#!#nvarchar#!#nvarchar#!#nvarchar#!#int#!#bigint
abcḍèĎÈdedEDEabcd#!#de#!####!#abcḍèĎÈ######abcd#!#8#!#8
abcḍèĎÈdedEDEabcd#!#de#!####!#abcḍèĎÈ######abcd#!#8#!#8
~~END~~

~~START~~
text
Query Text: SELECT * FROM babel_5144_t1 WHERE [patindex] = sys.patindex('%de%', 'abc?è??dedEDEabcd')
Index Scan using babel_5144_idx1babel_5144_t145234637e3ecc830cb4dde1fe866640f on babel_5144_t1 (actual rows=2 loops=1)
  Index Cond: (patindex = '8'::bigint)
~~END~~

SELECT * FROM babel_5144_t3 WHERE [replaced] = sys.replace('abcḍèĎÈdedEDEabcd', 'de', '##');
GO
~~START~~
nvarchar#!#nvarchar#!#nvarchar#!#nvarchar#!#int#!#int
abcḍèĎÈdedEDEabcd#!#de#!####!#abcḍèĎÈ######abcd#!#8#!#8
abcḍèĎÈdedEDEabcd#!#de#!####!#abcḍèĎÈ######abcd#!#8#!#8
~~END~~

~~START~~
text
Query Text: SELECT * FROM babel_5144_t3 WHERE [replaced] = sys.replace('abc?è??dedEDEabcd', 'de', '##')
Index Scan using babel_5144_idx3babel_5144_t313c3a4389779eae0c4b18abc08f95caa on babel_5144_t3 (actual rows=2 loops=1)
  Index Cond: ((replaced)::"varchar" = 'abc?è??######abcd'::"varchar")
~~END~~

SELECT * FROM babel_5144_t3 WHERE [charIndex] = (SELECT id FROM #table_5144_result_store);
GO
~~START~~
nvarchar#!#nvarchar#!#nvarchar#!#nvarchar#!#int#!#int
abcḍèĎÈdedEDEabcd#!#de#!####!#abcḍèĎÈ######abcd#!#8#!#8
abcḍèĎÈdedEDEabcd#!#de#!####!#abcḍèĎÈ######abcd#!#8#!#8
~~END~~

~~START~~
text
Query Text: SELECT * FROM babel_5144_t3 WHERE [charIndex] = (SELECT id FROM #table_5144_result_store)
Index Scan using babel_5144_idx3babel_5144_t313c3a4389779eae0c4b18abc08f95caa on babel_5144_t3 (actual rows=2 loops=1)
  Index Cond: (charindex = $0)
  InitPlan 1 (returns $0)
    ->  Seq Scan on "#table_5144_result_store" (actual rows=1 loops=1)
~~END~~

SELECT * FROM babel_5144_t3 WHERE [patindex] = sys.patindex('%de%', 'abcḍèĎÈdedEDEabcd');
GO
~~START~~
nvarchar#!#nvarchar#!#nvarchar#!#nvarchar#!#int#!#int
abcḍèĎÈdedEDEabcd#!#de#!####!#abcḍèĎÈ######abcd#!#8#!#8
abcḍèĎÈdedEDEabcd#!#de#!####!#abcḍèĎÈ######abcd#!#8#!#8
~~END~~

~~START~~
text
Query Text: SELECT * FROM babel_5144_t3 WHERE [patindex] = sys.patindex('%de%', 'abc?è??dedEDEabcd')
Index Scan using babel_5144_idx3babel_5144_t313c3a4389779eae0c4b18abc08f95caa on babel_5144_t3 (actual rows=2 loops=1)
  Index Cond: (patindex = '8'::bigint)
~~END~~


SET BABELFISH_STATISTICS PROFILE OFF;
GO

SELECT * FROM babel_5144_v1
GO
~~START~~
nvarchar#!#nvarchar#!#nvarchar#!#int#!#int#!#int#!#bigint#!#bigint#!#int
abcḍèĎÈ######abcd#!#abcḍèĎÈ######abcd#!#abcḍèĎÈ######abcd#!#8#!#8#!#8#!#8#!#8#!#8
abcḍèĎÈ######abcd#!#abcḍèĎÈ######abcd#!#abcḍèĎÈ######abcd#!#8#!#8#!#8#!#8#!#8#!#8
abcḍèĎÈ######abcd#!#abcḍèĎÈ######abcd#!#abcḍèĎÈ######abcd#!#8#!#8#!#8#!#8#!#8#!#8
abcḍèĎÈ######abcd#!#abcḍèĎÈ######abcd#!#abcḍèĎÈ######abcd#!#8#!#8#!#8#!#8#!#8#!#8
abcḍèĎÈ######abcd#!#abcḍèĎÈ######abcd#!#abcḍèĎÈ######abcd#!#8#!#8#!#8#!#8#!#8#!#8
abcḍèĎÈ######abcd#!#abcḍèĎÈ######abcd#!#abcḍèĎÈ######abcd#!#8#!#8#!#8#!#8#!#8#!#8
abcḍèĎÈ######abcd#!#abcḍèĎÈ######abcd#!#abcḍèĎÈ######abcd#!#8#!#8#!#8#!#8#!#8#!#8
abcḍèĎÈ######abcd#!#abcḍèĎÈ######abcd#!#abcḍèĎÈ######abcd#!#8#!#8#!#8#!#8#!#8#!#8
~~END~~

